<?xml version="1.0" encoding="UTF-8"?>
<testsuite name="com.oorbitt.launcher.data.repository.SettingsRepositoryImplTest" tests="2" skipped="0" failures="0" errors="0" timestamp="2026-07-09T01:22:57" hostname="pocketpc" time="0.954">
  <properties/>
  <testcase name="defaultSettings_areReturnedInitially" classname="com.oorbitt.launcher.data.repository.SettingsRepositoryImplTest" time="0.664"/>
  <testcase name="updateSettings_persistsAndEmitsUpdatedValues" classname="com.oorbitt.launcher.data.repository.SettingsRepositoryImplTest" time="0.288"/>
  <system-out><![CDATA[]]></system-out>
  <system-err><![CDATA[]]></system-err>
</testsuite>
